<?xml version="1.0" encoding="UTF-8"?>
<!-- Generated by org.testng.reporters.JUnitXMLReporter -->
<testsuite hostname="LAPTOP-UUUMUEUH" ignored="0" name="Test" tests="3" failures="0" timestamp="2021-01-11T14:59:09 IST" time="97.477" errors="0">
  <testcase name="amazonlogin" time="3.795" classname="testscripts.TestLogin"/>
  <testcase name="addtocartmethod" time="15.717" classname="testscripts.TestAddToCart"/>
  <testcase name="delete" time="24.281" classname="testscripts.TestDeleteProduct"/>
</testsuite> <!-- Test -->
