<?xml version="1.0" encoding="UTF-8"?>
<!-- Generated by org.testng.reporters.JUnitXMLReporter -->
<testsuite hostname="LAPTOP-UUUMUEUH" ignored="0" name="Test" tests="3" failures="0" timestamp="2021-01-13T12:47:54 IST" time="140.079" errors="0">
  <testcase name="amazonlogin" time="4.889" classname="testscripts.TestLogin"/>
  <testcase name="addtocartmethod" time="26.505" classname="testscripts.TestAddToCart"/>
  <testcase name="delete" time="47.75" classname="testscripts.TestDeleteProduct"/>
</testsuite> <!-- Test -->
